{"contracts/SpatialAssets.sol":{"l":{"96":3,"97":3,"98":3,"106":3,"107":1,"114":6,"115":4,"116":2,"123":3,"124":1,"134":24,"135":22,"136":20,"137":18,"139":16,"140":16,"141":16,"143":16,"144":9,"146":7,"149":16,"150":12,"151":12,"152":12,"154":4,"155":4,"156":4,"159":16,"161":16,"162":2,"163":2,"164":2,"165":2,"177":7,"178":5,"179":3,"181":1,"183":1,"184":1,"185":1,"186":1,"187":1,"188":1,"189":1,"191":0,"193":0,"205":11,"206":9,"207":7,"208":5,"209":3,"211":1,"212":1,"213":1,"223":5,"224":3,"226":1,"228":1,"229":1,"230":1,"231":1,"232":1,"233":1,"234":1,"236":0,"238":0,"251":9,"252":7,"253":5,"254":3,"256":1,"257":1,"259":1,"266":4,"269":2,"270":2,"271":2,"272":2,"273":2,"275":2,"277":2,"278":1,"279":1,"280":1,"281":1,"282":1,"283":1,"285":0,"287":0,"292":2,"299":3,"303":8,"307":2,"311":6,"315":12,"319":8,"323":24,"327":1},"path":"/home/j-mars/astralprotocol/astralprotocol/packages/contracts/contracts/SpatialAssets.sol","s":{"1":3,"2":3,"3":3,"4":3,"5":1,"6":6,"7":4,"8":2,"9":3,"10":1,"11":24,"12":22,"13":20,"14":18,"15":16,"16":16,"17":16,"18":16,"19":9,"20":7,"21":7,"22":16,"23":12,"24":12,"25":12,"26":4,"27":4,"28":4,"29":16,"30":16,"31":2,"32":2,"33":2,"34":2,"35":7,"36":5,"37":3,"38":1,"39":1,"40":1,"41":1,"42":1,"43":1,"44":1,"45":1,"46":0,"47":0,"48":0,"49":11,"50":9,"51":7,"52":5,"53":3,"54":1,"55":1,"56":1,"57":5,"58":3,"59":1,"60":1,"61":1,"62":1,"63":1,"64":1,"65":1,"66":1,"67":0,"68":0,"69":0,"70":9,"71":7,"72":5,"73":3,"74":1,"75":1,"76":1,"77":4,"78":2,"79":2,"80":2,"81":2,"82":2,"83":2,"84":2,"85":1,"86":1,"87":1,"88":1,"89":1,"90":1,"91":0,"92":0,"93":0,"94":2,"95":3,"96":8,"97":2,"98":6,"99":12,"100":8,"101":24,"102":1},"b":{"1":[1,2],"2":[4,2],"3":[2,2],"4":[1,2],"5":[22,2],"6":[20,2],"7":[18,2],"8":[16,2],"9":[9,7],"10":[7,0],"11":[12,4],"12":[2,14],"13":[5,2],"14":[3,2],"15":[1,2],"16":[1,0],"17":[1,0],"18":[0,0],"19":[9,2],"20":[7,2],"21":[5,2],"22":[3,2],"23":[1,2],"24":[3,2],"25":[1,2],"26":[1,0],"27":[1,0],"28":[0,0],"29":[7,2],"30":[5,2],"31":[3,2],"32":[1,2],"33":[2,2],"34":[1,1],"35":[1,0],"36":[0,0]},"f":{"1":3,"2":3,"3":6,"4":3,"5":24,"6":7,"7":11,"8":5,"9":9,"10":4,"11":3,"12":8,"13":2,"14":6,"15":12,"16":8,"17":24,"18":1},"fnMap":{"1":{"name":"constructor","line":95,"loc":{"start":{"line":95,"column":4},"end":{"line":100,"column":4}}},"2":{"name":"registerRole","line":105,"loc":{"start":{"line":105,"column":4},"end":{"line":108,"column":4}}},"3":{"name":"enableStorage","line":113,"loc":{"start":{"line":113,"column":4},"end":{"line":117,"column":4}}},"4":{"name":"disableStorage","line":122,"loc":{"start":{"line":122,"column":4},"end":{"line":125,"column":4}}},"5":{"name":"registerSpatialAsset","line":133,"loc":{"start":{"line":133,"column":4},"end":{"line":168,"column":4}}},"6":{"name":"addChildrenGeoDIDs","line":176,"loc":{"start":{"line":176,"column":4},"end":{"line":197,"column":4}}},"7":{"name":"addParentGeoDID","line":204,"loc":{"start":{"line":204,"column":4},"end":{"line":214,"column":4}}},"8":{"name":"removeChildrenGeoDIDs","line":222,"loc":{"start":{"line":222,"column":4},"end":{"line":242,"column":4}}},"9":{"name":"removeParentGeoDID","line":250,"loc":{"start":{"line":250,"column":4},"end":{"line":260,"column":4}}},"10":{"name":"deactivateSpatialAsset","line":265,"loc":{"start":{"line":265,"column":5},"end":{"line":293,"column":4}}},"11":{"name":"_setURI","line":298,"loc":{"start":{"line":298,"column":4},"end":{"line":300,"column":4}}},"12":{"name":"idToOwner","line":302,"loc":{"start":{"line":302,"column":4},"end":{"line":304,"column":4}}},"13":{"name":"idToCid","line":306,"loc":{"start":{"line":306,"column":4},"end":{"line":308,"column":4}}},"14":{"name":"idToCanBeParent","line":310,"loc":{"start":{"line":310,"column":4},"end":{"line":312,"column":4}}},"15":{"name":"idToHasParent","line":314,"loc":{"start":{"line":314,"column":4},"end":{"line":316,"column":4}}},"16":{"name":"idToExternalStorage","line":318,"loc":{"start":{"line":318,"column":4},"end":{"line":320,"column":4}}},"17":{"name":"allowedStorages","line":322,"loc":{"start":{"line":322,"column":4},"end":{"line":324,"column":4}}},"18":{"name":"uri","line":326,"loc":{"start":{"line":326,"column":4},"end":{"line":328,"column":4}}}},"statementMap":{"1":{"start":{"line":96,"column":8},"end":{"line":96,"column":19}},"2":{"start":{"line":97,"column":8},"end":{"line":97,"column":51}},"3":{"start":{"line":98,"column":8},"end":{"line":98,"column":46}},"4":{"start":{"line":106,"column":8},"end":{"line":106,"column":110}},"5":{"start":{"line":107,"column":8},"end":{"line":107,"column":46}},"6":{"start":{"line":114,"column":8},"end":{"line":114,"column":130}},"7":{"start":{"line":115,"column":8},"end":{"line":115,"column":106}},"8":{"start":{"line":116,"column":8},"end":{"line":116,"column":47}},"9":{"start":{"line":123,"column":8},"end":{"line":123,"column":130}},"10":{"start":{"line":124,"column":8},"end":{"line":124,"column":48}},"11":{"start":{"line":134,"column":8},"end":{"line":134,"column":111}},"12":{"start":{"line":135,"column":8},"end":{"line":135,"column":90}},"13":{"start":{"line":136,"column":8},"end":{"line":136,"column":95}},"14":{"start":{"line":137,"column":8},"end":{"line":137,"column":87}},"15":{"start":{"line":139,"column":8},"end":{"line":139,"column":27}},"16":{"start":{"line":140,"column":8},"end":{"line":140,"column":32}},"17":{"start":{"line":141,"column":8},"end":{"line":141,"column":51}},"18":{"start":{"line":143,"column":8},"end":{"line":143,"column":5254}},"19":{"start":{"line":144,"column":12},"end":{"line":144,"column":40}},"20":{"start":{"line":145,"column":15},"end":{"line":145,"column":5335}},"21":{"start":{"line":146,"column":12},"end":{"line":146,"column":41}},"22":{"start":{"line":149,"column":8},"end":{"line":149,"column":5421}},"23":{"start":{"line":150,"column":12},"end":{"line":150,"column":39}},"24":{"start":{"line":151,"column":12},"end":{"line":151,"column":37}},"25":{"start":{"line":152,"column":8},"end":{"line":152,"column":108}},"26":{"start":{"line":154,"column":12},"end":{"line":154,"column":38}},"27":{"start":{"line":155,"column":12},"end":{"line":155,"column":125}},"28":{"start":{"line":156,"column":12},"end":{"line":156,"column":54}},"29":{"start":{"line":159,"column":8},"end":{"line":159,"column":55}},"30":{"start":{"line":161,"column":8},"end":{"line":161,"column":5967}},"31":{"start":{"line":162,"column":12},"end":{"line":162,"column":6032}},"32":{"start":{"line":163,"column":16},"end":{"line":163,"column":61}},"33":{"start":{"line":164,"column":16},"end":{"line":164,"column":48}},"34":{"start":{"line":165,"column":16},"end":{"line":165,"column":60}},"35":{"start":{"line":177,"column":8},"end":{"line":177,"column":111}},"36":{"start":{"line":178,"column":8},"end":{"line":178,"column":105}},"37":{"start":{"line":179,"column":8},"end":{"line":179,"column":106}},"38":{"start":{"line":181,"column":8},"end":{"line":181,"column":55}},"39":{"start":{"line":183,"column":8},"end":{"line":183,"column":6896}},"40":{"start":{"line":184,"column":12},"end":{"line":184,"column":6935}},"41":{"start":{"line":185,"column":16},"end":{"line":185,"column":61}},"42":{"start":{"line":186,"column":16},"end":{"line":186,"column":7060}},"43":{"start":{"line":187,"column":20},"end":{"line":187,"column":52}},"44":{"start":{"line":188,"column":20},"end":{"line":188,"column":58}},"45":{"start":{"line":189,"column":20},"end":{"line":189,"column":64}},"46":{"start":{"line":190,"column":23},"end":{"line":190,"column":7341}},"47":{"start":{"line":191,"column":20},"end":{"line":191,"column":72}},"48":{"start":{"line":193,"column":20},"end":{"line":193,"column":75}},"49":{"start":{"line":205,"column":8},"end":{"line":205,"column":111}},"50":{"start":{"line":206,"column":8},"end":{"line":206,"column":105}},"51":{"start":{"line":207,"column":8},"end":{"line":207,"column":101}},"52":{"start":{"line":208,"column":8},"end":{"line":208,"column":85}},"53":{"start":{"line":209,"column":8},"end":{"line":209,"column":118}},"54":{"start":{"line":211,"column":8},"end":{"line":211,"column":34}},"55":{"start":{"line":212,"column":8},"end":{"line":212,"column":46}},"56":{"start":{"line":213,"column":8},"end":{"line":213,"column":50}},"57":{"start":{"line":223,"column":8},"end":{"line":223,"column":111}},"58":{"start":{"line":224,"column":8},"end":{"line":224,"column":97}},"59":{"start":{"line":226,"column":8},"end":{"line":226,"column":55}},"60":{"start":{"line":228,"column":8},"end":{"line":228,"column":9012}},"61":{"start":{"line":229,"column":12},"end":{"line":229,"column":9051}},"62":{"start":{"line":230,"column":16},"end":{"line":230,"column":61}},"63":{"start":{"line":231,"column":16},"end":{"line":231,"column":9176}},"64":{"start":{"line":232,"column":20},"end":{"line":232,"column":53}},"65":{"start":{"line":233,"column":20},"end":{"line":233,"column":57}},"66":{"start":{"line":234,"column":20},"end":{"line":234,"column":66}},"67":{"start":{"line":235,"column":23},"end":{"line":235,"column":9458}},"68":{"start":{"line":236,"column":20},"end":{"line":236,"column":73}},"69":{"start":{"line":238,"column":20},"end":{"line":238,"column":75}},"70":{"start":{"line":251,"column":8},"end":{"line":251,"column":111}},"71":{"start":{"line":252,"column":8},"end":{"line":252,"column":97}},"72":{"start":{"line":253,"column":8},"end":{"line":253,"column":117}},"73":{"start":{"line":254,"column":8},"end":{"line":254,"column":94}},"74":{"start":{"line":256,"column":8},"end":{"line":256,"column":35}},"75":{"start":{"line":257,"column":8},"end":{"line":257,"column":33}},"76":{"start":{"line":259,"column":8},"end":{"line":259,"column":52}},"77":{"start":{"line":266,"column":8},"end":{"line":266,"column":10703}},"78":{"start":{"line":269,"column":8},"end":{"line":269,"column":37}},"79":{"start":{"line":270,"column":8},"end":{"line":270,"column":38}},"80":{"start":{"line":271,"column":8},"end":{"line":271,"column":27}},"81":{"start":{"line":272,"column":8},"end":{"line":272,"column":35}},"82":{"start":{"line":273,"column":8},"end":{"line":273,"column":27}},"83":{"start":{"line":275,"column":8},"end":{"line":275,"column":54}},"84":{"start":{"line":277,"column":8},"end":{"line":277,"column":11072}},"85":{"start":{"line":278,"column":12},"end":{"line":278,"column":11111}},"86":{"start":{"line":279,"column":16},"end":{"line":279,"column":60}},"87":{"start":{"line":280,"column":16},"end":{"line":280,"column":11235}},"88":{"start":{"line":281,"column":20},"end":{"line":281,"column":53}},"89":{"start":{"line":282,"column":20},"end":{"line":282,"column":57}},"90":{"start":{"line":283,"column":20},"end":{"line":283,"column":66}},"91":{"start":{"line":284,"column":24},"end":{"line":284,"column":11518}},"92":{"start":{"line":285,"column":20},"end":{"line":285,"column":73}},"93":{"start":{"line":287,"column":20},"end":{"line":287,"column":75}},"94":{"start":{"line":292,"column":8},"end":{"line":292,"column":46}},"95":{"start":{"line":299,"column":8},"end":{"line":299,"column":20}},"96":{"start":{"line":303,"column":8},"end":{"line":303,"column":26}},"97":{"start":{"line":307,"column":8},"end":{"line":307,"column":24}},"98":{"start":{"line":311,"column":8},"end":{"line":311,"column":31}},"99":{"start":{"line":315,"column":8},"end":{"line":315,"column":29}},"100":{"start":{"line":319,"column":8},"end":{"line":319,"column":35}},"101":{"start":{"line":323,"column":8},"end":{"line":323,"column":48}},"102":{"start":{"line":327,"column":8},"end":{"line":327,"column":19}}},"branchMap":{"1":{"line":106,"type":"if","locations":[{"start":{"line":106,"column":8},"end":{"line":106,"column":8}},{"start":{"line":106,"column":8},"end":{"line":106,"column":8}}]},"2":{"line":114,"type":"if","locations":[{"start":{"line":114,"column":8},"end":{"line":114,"column":8}},{"start":{"line":114,"column":8},"end":{"line":114,"column":8}}]},"3":{"line":115,"type":"if","locations":[{"start":{"line":115,"column":8},"end":{"line":115,"column":8}},{"start":{"line":115,"column":8},"end":{"line":115,"column":8}}]},"4":{"line":123,"type":"if","locations":[{"start":{"line":123,"column":8},"end":{"line":123,"column":8}},{"start":{"line":123,"column":8},"end":{"line":123,"column":8}}]},"5":{"line":134,"type":"if","locations":[{"start":{"line":134,"column":8},"end":{"line":134,"column":8}},{"start":{"line":134,"column":8},"end":{"line":134,"column":8}}]},"6":{"line":135,"type":"if","locations":[{"start":{"line":135,"column":8},"end":{"line":135,"column":8}},{"start":{"line":135,"column":8},"end":{"line":135,"column":8}}]},"7":{"line":136,"type":"if","locations":[{"start":{"line":136,"column":8},"end":{"line":136,"column":8}},{"start":{"line":136,"column":8},"end":{"line":136,"column":8}}]},"8":{"line":137,"type":"if","locations":[{"start":{"line":137,"column":8},"end":{"line":137,"column":8}},{"start":{"line":137,"column":8},"end":{"line":137,"column":8}}]},"9":{"line":143,"type":"if","locations":[{"start":{"line":143,"column":8},"end":{"line":143,"column":8}},{"start":{"line":143,"column":8},"end":{"line":143,"column":8}}]},"10":{"line":145,"type":"if","locations":[{"start":{"line":145,"column":15},"end":{"line":145,"column":15}},{"start":{"line":145,"column":15},"end":{"line":145,"column":15}}]},"11":{"line":149,"type":"if","locations":[{"start":{"line":149,"column":8},"end":{"line":149,"column":8}},{"start":{"line":149,"column":8},"end":{"line":149,"column":8}}]},"12":{"line":161,"type":"if","locations":[{"start":{"line":161,"column":8},"end":{"line":161,"column":8}},{"start":{"line":161,"column":8},"end":{"line":161,"column":8}}]},"13":{"line":177,"type":"if","locations":[{"start":{"line":177,"column":8},"end":{"line":177,"column":8}},{"start":{"line":177,"column":8},"end":{"line":177,"column":8}}]},"14":{"line":178,"type":"if","locations":[{"start":{"line":178,"column":8},"end":{"line":178,"column":8}},{"start":{"line":178,"column":8},"end":{"line":178,"column":8}}]},"15":{"line":179,"type":"if","locations":[{"start":{"line":179,"column":8},"end":{"line":179,"column":8}},{"start":{"line":179,"column":8},"end":{"line":179,"column":8}}]},"16":{"line":183,"type":"if","locations":[{"start":{"line":183,"column":8},"end":{"line":183,"column":8}},{"start":{"line":183,"column":8},"end":{"line":183,"column":8}}]},"17":{"line":186,"type":"if","locations":[{"start":{"line":186,"column":16},"end":{"line":186,"column":16}},{"start":{"line":186,"column":16},"end":{"line":186,"column":16}}]},"18":{"line":190,"type":"if","locations":[{"start":{"line":190,"column":23},"end":{"line":190,"column":23}},{"start":{"line":190,"column":23},"end":{"line":190,"column":23}}]},"19":{"line":205,"type":"if","locations":[{"start":{"line":205,"column":8},"end":{"line":205,"column":8}},{"start":{"line":205,"column":8},"end":{"line":205,"column":8}}]},"20":{"line":206,"type":"if","locations":[{"start":{"line":206,"column":8},"end":{"line":206,"column":8}},{"start":{"line":206,"column":8},"end":{"line":206,"column":8}}]},"21":{"line":207,"type":"if","locations":[{"start":{"line":207,"column":8},"end":{"line":207,"column":8}},{"start":{"line":207,"column":8},"end":{"line":207,"column":8}}]},"22":{"line":208,"type":"if","locations":[{"start":{"line":208,"column":8},"end":{"line":208,"column":8}},{"start":{"line":208,"column":8},"end":{"line":208,"column":8}}]},"23":{"line":209,"type":"if","locations":[{"start":{"line":209,"column":8},"end":{"line":209,"column":8}},{"start":{"line":209,"column":8},"end":{"line":209,"column":8}}]},"24":{"line":223,"type":"if","locations":[{"start":{"line":223,"column":8},"end":{"line":223,"column":8}},{"start":{"line":223,"column":8},"end":{"line":223,"column":8}}]},"25":{"line":224,"type":"if","locations":[{"start":{"line":224,"column":8},"end":{"line":224,"column":8}},{"start":{"line":224,"column":8},"end":{"line":224,"column":8}}]},"26":{"line":228,"type":"if","locations":[{"start":{"line":228,"column":8},"end":{"line":228,"column":8}},{"start":{"line":228,"column":8},"end":{"line":228,"column":8}}]},"27":{"line":231,"type":"if","locations":[{"start":{"line":231,"column":16},"end":{"line":231,"column":16}},{"start":{"line":231,"column":16},"end":{"line":231,"column":16}}]},"28":{"line":235,"type":"if","locations":[{"start":{"line":235,"column":23},"end":{"line":235,"column":23}},{"start":{"line":235,"column":23},"end":{"line":235,"column":23}}]},"29":{"line":251,"type":"if","locations":[{"start":{"line":251,"column":8},"end":{"line":251,"column":8}},{"start":{"line":251,"column":8},"end":{"line":251,"column":8}}]},"30":{"line":252,"type":"if","locations":[{"start":{"line":252,"column":8},"end":{"line":252,"column":8}},{"start":{"line":252,"column":8},"end":{"line":252,"column":8}}]},"31":{"line":253,"type":"if","locations":[{"start":{"line":253,"column":8},"end":{"line":253,"column":8}},{"start":{"line":253,"column":8},"end":{"line":253,"column":8}}]},"32":{"line":254,"type":"if","locations":[{"start":{"line":254,"column":8},"end":{"line":254,"column":8}},{"start":{"line":254,"column":8},"end":{"line":254,"column":8}}]},"33":{"line":266,"type":"if","locations":[{"start":{"line":266,"column":8},"end":{"line":266,"column":8}},{"start":{"line":266,"column":8},"end":{"line":266,"column":8}}]},"34":{"line":277,"type":"if","locations":[{"start":{"line":277,"column":8},"end":{"line":277,"column":8}},{"start":{"line":277,"column":8},"end":{"line":277,"column":8}}]},"35":{"line":280,"type":"if","locations":[{"start":{"line":280,"column":16},"end":{"line":280,"column":16}},{"start":{"line":280,"column":16},"end":{"line":280,"column":16}}]},"36":{"line":284,"type":"if","locations":[{"start":{"line":284,"column":24},"end":{"line":284,"column":24}},{"start":{"line":284,"column":24},"end":{"line":284,"column":24}}]}}}}