{"contracts/SpatialAssets.sol":{"l":{"84":3,"85":3,"86":3,"94":3,"95":1,"102":6,"103":4,"104":2,"111":3,"112":1,"122":22,"123":20,"124":18,"125":16,"127":14,"128":14,"129":14,"131":14,"132":8,"134":6,"137":14,"138":11,"139":11,"141":3,"142":3,"143":3,"146":14,"148":14,"149":2,"150":2,"162":7,"163":5,"164":3,"166":1,"168":1,"169":1,"170":1,"171":1,"172":1,"173":1,"185":11,"186":9,"187":7,"188":5,"189":3,"191":1,"192":1,"202":5,"203":3,"205":1,"207":1,"208":1,"209":1,"210":1,"211":1,"212":1,"225":9,"226":7,"227":5,"228":3,"230":1,"232":1,"239":4,"242":2,"243":2,"244":2,"245":2,"247":2,"249":2,"250":1,"251":1,"252":1,"253":1,"258":2,"265":3,"269":8,"273":2,"277":6,"281":12,"285":8,"289":22,"293":1},"path":"/home/j-mars/astralprotocol/astralprotocol/packages/contracts/contracts/SpatialAssets.sol","s":{"1":3,"2":3,"3":3,"4":3,"5":1,"6":6,"7":4,"8":2,"9":3,"10":1,"11":22,"12":20,"13":18,"14":16,"15":14,"16":14,"17":14,"18":14,"19":8,"20":6,"21":6,"22":14,"23":11,"24":11,"25":3,"26":3,"27":3,"28":14,"29":14,"30":2,"31":2,"32":7,"33":5,"34":3,"35":1,"36":1,"37":1,"38":1,"39":1,"40":1,"41":1,"42":11,"43":9,"44":7,"45":5,"46":3,"47":1,"48":1,"49":5,"50":3,"51":1,"52":1,"53":1,"54":1,"55":1,"56":1,"57":1,"58":9,"59":7,"60":5,"61":3,"62":1,"63":1,"64":4,"65":2,"66":2,"67":2,"68":2,"69":2,"70":2,"71":1,"72":1,"73":1,"74":1,"75":2,"76":3,"77":8,"78":2,"79":6,"80":12,"81":8,"82":22,"83":1},"b":{"1":[1,2],"2":[4,2],"3":[2,2],"4":[1,2],"5":[20,2],"6":[18,2],"7":[16,2],"8":[14,2],"9":[8,6],"10":[6,0],"11":[11,3],"12":[2,12],"13":[5,2],"14":[3,2],"15":[1,2],"16":[1,0],"17":[1,0],"18":[9,2],"19":[7,2],"20":[5,2],"21":[3,2],"22":[1,2],"23":[3,2],"24":[1,2],"25":[1,0],"26":[1,0],"27":[7,2],"28":[5,2],"29":[3,2],"30":[1,2],"31":[2,2],"32":[1,1],"33":[1,0]},"f":{"1":3,"2":3,"3":6,"4":3,"5":22,"6":7,"7":11,"8":5,"9":9,"10":4,"11":3,"12":8,"13":2,"14":6,"15":12,"16":8,"17":22,"18":1},"fnMap":{"1":{"name":"constructor","line":83,"loc":{"start":{"line":83,"column":4},"end":{"line":88,"column":4}}},"2":{"name":"registerRole","line":93,"loc":{"start":{"line":93,"column":4},"end":{"line":96,"column":4}}},"3":{"name":"enableStorage","line":101,"loc":{"start":{"line":101,"column":4},"end":{"line":105,"column":4}}},"4":{"name":"disableStorage","line":110,"loc":{"start":{"line":110,"column":4},"end":{"line":113,"column":4}}},"5":{"name":"registerSpatialAsset","line":121,"loc":{"start":{"line":121,"column":4},"end":{"line":153,"column":4}}},"6":{"name":"addChildrenGeoDIDs","line":161,"loc":{"start":{"line":161,"column":4},"end":{"line":177,"column":4}}},"7":{"name":"addParentGeoDID","line":184,"loc":{"start":{"line":184,"column":4},"end":{"line":193,"column":4}}},"8":{"name":"removeChildrenGeoDIDs","line":201,"loc":{"start":{"line":201,"column":4},"end":{"line":216,"column":4}}},"9":{"name":"removeParentGeoDID","line":224,"loc":{"start":{"line":224,"column":4},"end":{"line":233,"column":4}}},"10":{"name":"deactivateSpatialAsset","line":238,"loc":{"start":{"line":238,"column":5},"end":{"line":259,"column":4}}},"11":{"name":"_setURI","line":264,"loc":{"start":{"line":264,"column":4},"end":{"line":266,"column":4}}},"12":{"name":"idToOwner","line":268,"loc":{"start":{"line":268,"column":4},"end":{"line":270,"column":4}}},"13":{"name":"idToCid","line":272,"loc":{"start":{"line":272,"column":4},"end":{"line":274,"column":4}}},"14":{"name":"idToCanBeParent","line":276,"loc":{"start":{"line":276,"column":4},"end":{"line":278,"column":4}}},"15":{"name":"idToHasParent","line":280,"loc":{"start":{"line":280,"column":4},"end":{"line":282,"column":4}}},"16":{"name":"idToExternalStorage","line":284,"loc":{"start":{"line":284,"column":4},"end":{"line":286,"column":4}}},"17":{"name":"allowedStorages","line":288,"loc":{"start":{"line":288,"column":4},"end":{"line":290,"column":4}}},"18":{"name":"uri","line":292,"loc":{"start":{"line":292,"column":4},"end":{"line":294,"column":4}}}},"statementMap":{"1":{"start":{"line":84,"column":8},"end":{"line":84,"column":19}},"2":{"start":{"line":85,"column":8},"end":{"line":85,"column":51}},"3":{"start":{"line":86,"column":8},"end":{"line":86,"column":46}},"4":{"start":{"line":94,"column":8},"end":{"line":94,"column":110}},"5":{"start":{"line":95,"column":8},"end":{"line":95,"column":46}},"6":{"start":{"line":102,"column":8},"end":{"line":102,"column":130}},"7":{"start":{"line":103,"column":8},"end":{"line":103,"column":106}},"8":{"start":{"line":104,"column":8},"end":{"line":104,"column":47}},"9":{"start":{"line":111,"column":8},"end":{"line":111,"column":130}},"10":{"start":{"line":112,"column":8},"end":{"line":112,"column":48}},"11":{"start":{"line":122,"column":8},"end":{"line":122,"column":111}},"12":{"start":{"line":123,"column":8},"end":{"line":123,"column":90}},"13":{"start":{"line":124,"column":8},"end":{"line":124,"column":95}},"14":{"start":{"line":125,"column":8},"end":{"line":125,"column":87}},"15":{"start":{"line":127,"column":8},"end":{"line":127,"column":27}},"16":{"start":{"line":128,"column":8},"end":{"line":128,"column":32}},"17":{"start":{"line":129,"column":8},"end":{"line":129,"column":51}},"18":{"start":{"line":131,"column":8},"end":{"line":131,"column":4951}},"19":{"start":{"line":132,"column":12},"end":{"line":132,"column":40}},"20":{"start":{"line":133,"column":15},"end":{"line":133,"column":5032}},"21":{"start":{"line":134,"column":12},"end":{"line":134,"column":41}},"22":{"start":{"line":137,"column":8},"end":{"line":137,"column":5118}},"23":{"start":{"line":138,"column":12},"end":{"line":138,"column":39}},"24":{"start":{"line":139,"column":8},"end":{"line":139,"column":104}},"25":{"start":{"line":141,"column":12},"end":{"line":141,"column":38}},"26":{"start":{"line":142,"column":12},"end":{"line":142,"column":109}},"27":{"start":{"line":143,"column":12},"end":{"line":143,"column":54}},"28":{"start":{"line":146,"column":8},"end":{"line":146,"column":55}},"29":{"start":{"line":148,"column":8},"end":{"line":148,"column":5595}},"30":{"start":{"line":149,"column":12},"end":{"line":149,"column":5660}},"31":{"start":{"line":150,"column":16},"end":{"line":150,"column":66}},"32":{"start":{"line":162,"column":8},"end":{"line":162,"column":111}},"33":{"start":{"line":163,"column":8},"end":{"line":163,"column":105}},"34":{"start":{"line":164,"column":8},"end":{"line":164,"column":106}},"35":{"start":{"line":166,"column":8},"end":{"line":166,"column":55}},"36":{"start":{"line":168,"column":8},"end":{"line":168,"column":6416}},"37":{"start":{"line":169,"column":12},"end":{"line":169,"column":6455}},"38":{"start":{"line":170,"column":16},"end":{"line":170,"column":61}},"39":{"start":{"line":171,"column":16},"end":{"line":171,"column":6580}},"40":{"start":{"line":172,"column":20},"end":{"line":172,"column":52}},"41":{"start":{"line":173,"column":20},"end":{"line":173,"column":64}},"42":{"start":{"line":185,"column":8},"end":{"line":185,"column":111}},"43":{"start":{"line":186,"column":8},"end":{"line":186,"column":105}},"44":{"start":{"line":187,"column":8},"end":{"line":187,"column":101}},"45":{"start":{"line":188,"column":8},"end":{"line":188,"column":85}},"46":{"start":{"line":189,"column":8},"end":{"line":189,"column":118}},"47":{"start":{"line":191,"column":8},"end":{"line":191,"column":34}},"48":{"start":{"line":192,"column":8},"end":{"line":192,"column":50}},"49":{"start":{"line":202,"column":8},"end":{"line":202,"column":111}},"50":{"start":{"line":203,"column":8},"end":{"line":203,"column":97}},"51":{"start":{"line":205,"column":8},"end":{"line":205,"column":55}},"52":{"start":{"line":207,"column":8},"end":{"line":207,"column":8149}},"53":{"start":{"line":208,"column":12},"end":{"line":208,"column":8188}},"54":{"start":{"line":209,"column":16},"end":{"line":209,"column":61}},"55":{"start":{"line":210,"column":16},"end":{"line":210,"column":8313}},"56":{"start":{"line":211,"column":20},"end":{"line":211,"column":53}},"57":{"start":{"line":212,"column":20},"end":{"line":212,"column":66}},"58":{"start":{"line":225,"column":8},"end":{"line":225,"column":111}},"59":{"start":{"line":226,"column":8},"end":{"line":226,"column":97}},"60":{"start":{"line":227,"column":8},"end":{"line":227,"column":117}},"61":{"start":{"line":228,"column":8},"end":{"line":228,"column":94}},"62":{"start":{"line":230,"column":8},"end":{"line":230,"column":35}},"63":{"start":{"line":232,"column":8},"end":{"line":232,"column":52}},"64":{"start":{"line":239,"column":8},"end":{"line":239,"column":9461}},"65":{"start":{"line":242,"column":8},"end":{"line":242,"column":37}},"66":{"start":{"line":243,"column":8},"end":{"line":243,"column":38}},"67":{"start":{"line":244,"column":8},"end":{"line":244,"column":26}},"68":{"start":{"line":245,"column":8},"end":{"line":245,"column":35}},"69":{"start":{"line":247,"column":8},"end":{"line":247,"column":54}},"70":{"start":{"line":249,"column":8},"end":{"line":249,"column":9807}},"71":{"start":{"line":250,"column":12},"end":{"line":250,"column":9846}},"72":{"start":{"line":251,"column":16},"end":{"line":251,"column":60}},"73":{"start":{"line":252,"column":16},"end":{"line":252,"column":9970}},"74":{"start":{"line":253,"column":20},"end":{"line":253,"column":53}},"75":{"start":{"line":258,"column":8},"end":{"line":258,"column":64}},"76":{"start":{"line":265,"column":8},"end":{"line":265,"column":20}},"77":{"start":{"line":269,"column":8},"end":{"line":269,"column":26}},"78":{"start":{"line":273,"column":8},"end":{"line":273,"column":24}},"79":{"start":{"line":277,"column":8},"end":{"line":277,"column":31}},"80":{"start":{"line":281,"column":8},"end":{"line":281,"column":29}},"81":{"start":{"line":285,"column":8},"end":{"line":285,"column":35}},"82":{"start":{"line":289,"column":8},"end":{"line":289,"column":48}},"83":{"start":{"line":293,"column":8},"end":{"line":293,"column":19}}},"branchMap":{"1":{"line":94,"type":"if","locations":[{"start":{"line":94,"column":8},"end":{"line":94,"column":8}},{"start":{"line":94,"column":8},"end":{"line":94,"column":8}}]},"2":{"line":102,"type":"if","locations":[{"start":{"line":102,"column":8},"end":{"line":102,"column":8}},{"start":{"line":102,"column":8},"end":{"line":102,"column":8}}]},"3":{"line":103,"type":"if","locations":[{"start":{"line":103,"column":8},"end":{"line":103,"column":8}},{"start":{"line":103,"column":8},"end":{"line":103,"column":8}}]},"4":{"line":111,"type":"if","locations":[{"start":{"line":111,"column":8},"end":{"line":111,"column":8}},{"start":{"line":111,"column":8},"end":{"line":111,"column":8}}]},"5":{"line":122,"type":"if","locations":[{"start":{"line":122,"column":8},"end":{"line":122,"column":8}},{"start":{"line":122,"column":8},"end":{"line":122,"column":8}}]},"6":{"line":123,"type":"if","locations":[{"start":{"line":123,"column":8},"end":{"line":123,"column":8}},{"start":{"line":123,"column":8},"end":{"line":123,"column":8}}]},"7":{"line":124,"type":"if","locations":[{"start":{"line":124,"column":8},"end":{"line":124,"column":8}},{"start":{"line":124,"column":8},"end":{"line":124,"column":8}}]},"8":{"line":125,"type":"if","locations":[{"start":{"line":125,"column":8},"end":{"line":125,"column":8}},{"start":{"line":125,"column":8},"end":{"line":125,"column":8}}]},"9":{"line":131,"type":"if","locations":[{"start":{"line":131,"column":8},"end":{"line":131,"column":8}},{"start":{"line":131,"column":8},"end":{"line":131,"column":8}}]},"10":{"line":133,"type":"if","locations":[{"start":{"line":133,"column":15},"end":{"line":133,"column":15}},{"start":{"line":133,"column":15},"end":{"line":133,"column":15}}]},"11":{"line":137,"type":"if","locations":[{"start":{"line":137,"column":8},"end":{"line":137,"column":8}},{"start":{"line":137,"column":8},"end":{"line":137,"column":8}}]},"12":{"line":148,"type":"if","locations":[{"start":{"line":148,"column":8},"end":{"line":148,"column":8}},{"start":{"line":148,"column":8},"end":{"line":148,"column":8}}]},"13":{"line":162,"type":"if","locations":[{"start":{"line":162,"column":8},"end":{"line":162,"column":8}},{"start":{"line":162,"column":8},"end":{"line":162,"column":8}}]},"14":{"line":163,"type":"if","locations":[{"start":{"line":163,"column":8},"end":{"line":163,"column":8}},{"start":{"line":163,"column":8},"end":{"line":163,"column":8}}]},"15":{"line":164,"type":"if","locations":[{"start":{"line":164,"column":8},"end":{"line":164,"column":8}},{"start":{"line":164,"column":8},"end":{"line":164,"column":8}}]},"16":{"line":168,"type":"if","locations":[{"start":{"line":168,"column":8},"end":{"line":168,"column":8}},{"start":{"line":168,"column":8},"end":{"line":168,"column":8}}]},"17":{"line":171,"type":"if","locations":[{"start":{"line":171,"column":16},"end":{"line":171,"column":16}},{"start":{"line":171,"column":16},"end":{"line":171,"column":16}}]},"18":{"line":185,"type":"if","locations":[{"start":{"line":185,"column":8},"end":{"line":185,"column":8}},{"start":{"line":185,"column":8},"end":{"line":185,"column":8}}]},"19":{"line":186,"type":"if","locations":[{"start":{"line":186,"column":8},"end":{"line":186,"column":8}},{"start":{"line":186,"column":8},"end":{"line":186,"column":8}}]},"20":{"line":187,"type":"if","locations":[{"start":{"line":187,"column":8},"end":{"line":187,"column":8}},{"start":{"line":187,"column":8},"end":{"line":187,"column":8}}]},"21":{"line":188,"type":"if","locations":[{"start":{"line":188,"column":8},"end":{"line":188,"column":8}},{"start":{"line":188,"column":8},"end":{"line":188,"column":8}}]},"22":{"line":189,"type":"if","locations":[{"start":{"line":189,"column":8},"end":{"line":189,"column":8}},{"start":{"line":189,"column":8},"end":{"line":189,"column":8}}]},"23":{"line":202,"type":"if","locations":[{"start":{"line":202,"column":8},"end":{"line":202,"column":8}},{"start":{"line":202,"column":8},"end":{"line":202,"column":8}}]},"24":{"line":203,"type":"if","locations":[{"start":{"line":203,"column":8},"end":{"line":203,"column":8}},{"start":{"line":203,"column":8},"end":{"line":203,"column":8}}]},"25":{"line":207,"type":"if","locations":[{"start":{"line":207,"column":8},"end":{"line":207,"column":8}},{"start":{"line":207,"column":8},"end":{"line":207,"column":8}}]},"26":{"line":210,"type":"if","locations":[{"start":{"line":210,"column":16},"end":{"line":210,"column":16}},{"start":{"line":210,"column":16},"end":{"line":210,"column":16}}]},"27":{"line":225,"type":"if","locations":[{"start":{"line":225,"column":8},"end":{"line":225,"column":8}},{"start":{"line":225,"column":8},"end":{"line":225,"column":8}}]},"28":{"line":226,"type":"if","locations":[{"start":{"line":226,"column":8},"end":{"line":226,"column":8}},{"start":{"line":226,"column":8},"end":{"line":226,"column":8}}]},"29":{"line":227,"type":"if","locations":[{"start":{"line":227,"column":8},"end":{"line":227,"column":8}},{"start":{"line":227,"column":8},"end":{"line":227,"column":8}}]},"30":{"line":228,"type":"if","locations":[{"start":{"line":228,"column":8},"end":{"line":228,"column":8}},{"start":{"line":228,"column":8},"end":{"line":228,"column":8}}]},"31":{"line":239,"type":"if","locations":[{"start":{"line":239,"column":8},"end":{"line":239,"column":8}},{"start":{"line":239,"column":8},"end":{"line":239,"column":8}}]},"32":{"line":249,"type":"if","locations":[{"start":{"line":249,"column":8},"end":{"line":249,"column":8}},{"start":{"line":249,"column":8},"end":{"line":249,"column":8}}]},"33":{"line":252,"type":"if","locations":[{"start":{"line":252,"column":16},"end":{"line":252,"column":16}},{"start":{"line":252,"column":16},"end":{"line":252,"column":16}}]}}}}