{"contracts/SpatialAssets.sol":{"l":{"77":3,"78":3,"79":3,"87":3,"88":1,"95":6,"96":4,"97":2,"104":3,"105":1,"115":24,"116":22,"117":20,"118":18,"120":16,"121":16,"122":16,"124":16,"125":9,"127":7,"130":16,"131":12,"132":12,"133":12,"135":4,"136":4,"137":4,"140":16,"142":16,"143":2,"144":2,"145":2,"146":2,"158":7,"159":5,"160":3,"162":1,"164":1,"165":1,"166":1,"167":1,"168":1,"169":1,"170":1,"182":11,"183":9,"184":7,"185":5,"186":3,"188":1,"189":1,"190":1,"200":5,"201":3,"203":1,"205":1,"206":1,"207":1,"208":1,"209":1,"210":1,"211":1,"224":9,"225":7,"226":5,"227":3,"229":1,"230":1,"232":1,"239":4,"242":2,"243":2,"244":2,"245":2,"246":2,"248":2,"250":2,"251":1,"252":1,"253":1,"254":1,"255":1,"256":1,"261":2,"268":3,"272":8,"276":2,"280":6,"284":12,"288":8,"292":24,"296":1},"path":"/home/j-mars/astralprotocol/astralprotocol/packages/contracts/contracts/SpatialAssets.sol","s":{"1":3,"2":3,"3":3,"4":3,"5":1,"6":6,"7":4,"8":2,"9":3,"10":1,"11":24,"12":22,"13":20,"14":18,"15":16,"16":16,"17":16,"18":16,"19":9,"20":7,"21":7,"22":16,"23":12,"24":12,"25":12,"26":4,"27":4,"28":4,"29":16,"30":16,"31":2,"32":2,"33":2,"34":2,"35":7,"36":5,"37":3,"38":1,"39":1,"40":1,"41":1,"42":1,"43":1,"44":1,"45":1,"46":11,"47":9,"48":7,"49":5,"50":3,"51":1,"52":1,"53":1,"54":5,"55":3,"56":1,"57":1,"58":1,"59":1,"60":1,"61":1,"62":1,"63":1,"64":9,"65":7,"66":5,"67":3,"68":1,"69":1,"70":1,"71":4,"72":2,"73":2,"74":2,"75":2,"76":2,"77":2,"78":2,"79":1,"80":1,"81":1,"82":1,"83":1,"84":1,"85":2,"86":3,"87":8,"88":2,"89":6,"90":12,"91":8,"92":24,"93":1},"b":{"1":[1,2],"2":[4,2],"3":[2,2],"4":[1,2],"5":[22,2],"6":[20,2],"7":[18,2],"8":[16,2],"9":[9,7],"10":[7,0],"11":[12,4],"12":[2,14],"13":[5,2],"14":[3,2],"15":[1,2],"16":[1,0],"17":[1,0],"18":[9,2],"19":[7,2],"20":[5,2],"21":[3,2],"22":[1,2],"23":[3,2],"24":[1,2],"25":[1,0],"26":[1,0],"27":[7,2],"28":[5,2],"29":[3,2],"30":[1,2],"31":[2,2],"32":[1,1],"33":[1,0]},"f":{"1":3,"2":3,"3":6,"4":3,"5":24,"6":7,"7":11,"8":5,"9":9,"10":4,"11":3,"12":8,"13":2,"14":6,"15":12,"16":8,"17":24,"18":1},"fnMap":{"1":{"name":"constructor","line":76,"loc":{"start":{"line":76,"column":4},"end":{"line":81,"column":4}}},"2":{"name":"registerRole","line":86,"loc":{"start":{"line":86,"column":4},"end":{"line":89,"column":4}}},"3":{"name":"enableStorage","line":94,"loc":{"start":{"line":94,"column":4},"end":{"line":98,"column":4}}},"4":{"name":"disableStorage","line":103,"loc":{"start":{"line":103,"column":4},"end":{"line":106,"column":4}}},"5":{"name":"registerSpatialAsset","line":114,"loc":{"start":{"line":114,"column":4},"end":{"line":149,"column":4}}},"6":{"name":"addChildrenGeoDIDs","line":157,"loc":{"start":{"line":157,"column":4},"end":{"line":174,"column":4}}},"7":{"name":"addParentGeoDID","line":181,"loc":{"start":{"line":181,"column":4},"end":{"line":191,"column":4}}},"8":{"name":"removeChildrenGeoDIDs","line":199,"loc":{"start":{"line":199,"column":4},"end":{"line":215,"column":4}}},"9":{"name":"removeParentGeoDID","line":223,"loc":{"start":{"line":223,"column":4},"end":{"line":233,"column":4}}},"10":{"name":"deactivateSpatialAsset","line":238,"loc":{"start":{"line":238,"column":5},"end":{"line":262,"column":4}}},"11":{"name":"_setURI","line":267,"loc":{"start":{"line":267,"column":4},"end":{"line":269,"column":4}}},"12":{"name":"idToOwner","line":271,"loc":{"start":{"line":271,"column":4},"end":{"line":273,"column":4}}},"13":{"name":"idToCid","line":275,"loc":{"start":{"line":275,"column":4},"end":{"line":277,"column":4}}},"14":{"name":"idToCanBeParent","line":279,"loc":{"start":{"line":279,"column":4},"end":{"line":281,"column":4}}},"15":{"name":"idToHasParent","line":283,"loc":{"start":{"line":283,"column":4},"end":{"line":285,"column":4}}},"16":{"name":"idToExternalStorage","line":287,"loc":{"start":{"line":287,"column":4},"end":{"line":289,"column":4}}},"17":{"name":"allowedStorages","line":291,"loc":{"start":{"line":291,"column":4},"end":{"line":293,"column":4}}},"18":{"name":"uri","line":295,"loc":{"start":{"line":295,"column":4},"end":{"line":297,"column":4}}}},"statementMap":{"1":{"start":{"line":77,"column":8},"end":{"line":77,"column":19}},"2":{"start":{"line":78,"column":8},"end":{"line":78,"column":51}},"3":{"start":{"line":79,"column":8},"end":{"line":79,"column":46}},"4":{"start":{"line":87,"column":8},"end":{"line":87,"column":110}},"5":{"start":{"line":88,"column":8},"end":{"line":88,"column":46}},"6":{"start":{"line":95,"column":8},"end":{"line":95,"column":130}},"7":{"start":{"line":96,"column":8},"end":{"line":96,"column":106}},"8":{"start":{"line":97,"column":8},"end":{"line":97,"column":47}},"9":{"start":{"line":104,"column":8},"end":{"line":104,"column":130}},"10":{"start":{"line":105,"column":8},"end":{"line":105,"column":48}},"11":{"start":{"line":115,"column":8},"end":{"line":115,"column":111}},"12":{"start":{"line":116,"column":8},"end":{"line":116,"column":90}},"13":{"start":{"line":117,"column":8},"end":{"line":117,"column":95}},"14":{"start":{"line":118,"column":8},"end":{"line":118,"column":87}},"15":{"start":{"line":120,"column":8},"end":{"line":120,"column":27}},"16":{"start":{"line":121,"column":8},"end":{"line":121,"column":32}},"17":{"start":{"line":122,"column":8},"end":{"line":122,"column":51}},"18":{"start":{"line":124,"column":8},"end":{"line":124,"column":4706}},"19":{"start":{"line":125,"column":12},"end":{"line":125,"column":40}},"20":{"start":{"line":126,"column":15},"end":{"line":126,"column":4787}},"21":{"start":{"line":127,"column":12},"end":{"line":127,"column":41}},"22":{"start":{"line":130,"column":8},"end":{"line":130,"column":4873}},"23":{"start":{"line":131,"column":12},"end":{"line":131,"column":39}},"24":{"start":{"line":132,"column":12},"end":{"line":132,"column":37}},"25":{"start":{"line":133,"column":8},"end":{"line":133,"column":108}},"26":{"start":{"line":135,"column":12},"end":{"line":135,"column":38}},"27":{"start":{"line":136,"column":12},"end":{"line":136,"column":125}},"28":{"start":{"line":137,"column":12},"end":{"line":137,"column":54}},"29":{"start":{"line":140,"column":8},"end":{"line":140,"column":55}},"30":{"start":{"line":142,"column":8},"end":{"line":142,"column":5419}},"31":{"start":{"line":143,"column":12},"end":{"line":143,"column":5484}},"32":{"start":{"line":144,"column":16},"end":{"line":144,"column":61}},"33":{"start":{"line":145,"column":16},"end":{"line":145,"column":48}},"34":{"start":{"line":146,"column":16},"end":{"line":146,"column":60}},"35":{"start":{"line":158,"column":8},"end":{"line":158,"column":111}},"36":{"start":{"line":159,"column":8},"end":{"line":159,"column":105}},"37":{"start":{"line":160,"column":8},"end":{"line":160,"column":106}},"38":{"start":{"line":162,"column":8},"end":{"line":162,"column":55}},"39":{"start":{"line":164,"column":8},"end":{"line":164,"column":6348}},"40":{"start":{"line":165,"column":12},"end":{"line":165,"column":6387}},"41":{"start":{"line":166,"column":16},"end":{"line":166,"column":61}},"42":{"start":{"line":167,"column":16},"end":{"line":167,"column":6512}},"43":{"start":{"line":168,"column":20},"end":{"line":168,"column":52}},"44":{"start":{"line":169,"column":20},"end":{"line":169,"column":58}},"45":{"start":{"line":170,"column":20},"end":{"line":170,"column":64}},"46":{"start":{"line":182,"column":8},"end":{"line":182,"column":111}},"47":{"start":{"line":183,"column":8},"end":{"line":183,"column":105}},"48":{"start":{"line":184,"column":8},"end":{"line":184,"column":101}},"49":{"start":{"line":185,"column":8},"end":{"line":185,"column":85}},"50":{"start":{"line":186,"column":8},"end":{"line":186,"column":118}},"51":{"start":{"line":188,"column":8},"end":{"line":188,"column":34}},"52":{"start":{"line":189,"column":8},"end":{"line":189,"column":46}},"53":{"start":{"line":190,"column":8},"end":{"line":190,"column":50}},"54":{"start":{"line":200,"column":8},"end":{"line":200,"column":111}},"55":{"start":{"line":201,"column":8},"end":{"line":201,"column":97}},"56":{"start":{"line":203,"column":8},"end":{"line":203,"column":55}},"57":{"start":{"line":205,"column":8},"end":{"line":205,"column":8191}},"58":{"start":{"line":206,"column":12},"end":{"line":206,"column":8230}},"59":{"start":{"line":207,"column":16},"end":{"line":207,"column":61}},"60":{"start":{"line":208,"column":16},"end":{"line":208,"column":8355}},"61":{"start":{"line":209,"column":20},"end":{"line":209,"column":53}},"62":{"start":{"line":210,"column":20},"end":{"line":210,"column":57}},"63":{"start":{"line":211,"column":20},"end":{"line":211,"column":66}},"64":{"start":{"line":224,"column":8},"end":{"line":224,"column":111}},"65":{"start":{"line":225,"column":8},"end":{"line":225,"column":97}},"66":{"start":{"line":226,"column":8},"end":{"line":226,"column":117}},"67":{"start":{"line":227,"column":8},"end":{"line":227,"column":94}},"68":{"start":{"line":229,"column":8},"end":{"line":229,"column":35}},"69":{"start":{"line":230,"column":8},"end":{"line":230,"column":33}},"70":{"start":{"line":232,"column":8},"end":{"line":232,"column":52}},"71":{"start":{"line":239,"column":8},"end":{"line":239,"column":9607}},"72":{"start":{"line":242,"column":8},"end":{"line":242,"column":37}},"73":{"start":{"line":243,"column":8},"end":{"line":243,"column":38}},"74":{"start":{"line":244,"column":8},"end":{"line":244,"column":27}},"75":{"start":{"line":245,"column":8},"end":{"line":245,"column":35}},"76":{"start":{"line":246,"column":8},"end":{"line":246,"column":27}},"77":{"start":{"line":248,"column":8},"end":{"line":248,"column":54}},"78":{"start":{"line":250,"column":8},"end":{"line":250,"column":9976}},"79":{"start":{"line":251,"column":12},"end":{"line":251,"column":10015}},"80":{"start":{"line":252,"column":16},"end":{"line":252,"column":60}},"81":{"start":{"line":253,"column":16},"end":{"line":253,"column":10139}},"82":{"start":{"line":254,"column":20},"end":{"line":254,"column":53}},"83":{"start":{"line":255,"column":20},"end":{"line":255,"column":57}},"84":{"start":{"line":256,"column":20},"end":{"line":256,"column":66}},"85":{"start":{"line":261,"column":8},"end":{"line":261,"column":46}},"86":{"start":{"line":268,"column":8},"end":{"line":268,"column":20}},"87":{"start":{"line":272,"column":8},"end":{"line":272,"column":26}},"88":{"start":{"line":276,"column":8},"end":{"line":276,"column":24}},"89":{"start":{"line":280,"column":8},"end":{"line":280,"column":31}},"90":{"start":{"line":284,"column":8},"end":{"line":284,"column":29}},"91":{"start":{"line":288,"column":8},"end":{"line":288,"column":35}},"92":{"start":{"line":292,"column":8},"end":{"line":292,"column":48}},"93":{"start":{"line":296,"column":8},"end":{"line":296,"column":19}}},"branchMap":{"1":{"line":87,"type":"if","locations":[{"start":{"line":87,"column":8},"end":{"line":87,"column":8}},{"start":{"line":87,"column":8},"end":{"line":87,"column":8}}]},"2":{"line":95,"type":"if","locations":[{"start":{"line":95,"column":8},"end":{"line":95,"column":8}},{"start":{"line":95,"column":8},"end":{"line":95,"column":8}}]},"3":{"line":96,"type":"if","locations":[{"start":{"line":96,"column":8},"end":{"line":96,"column":8}},{"start":{"line":96,"column":8},"end":{"line":96,"column":8}}]},"4":{"line":104,"type":"if","locations":[{"start":{"line":104,"column":8},"end":{"line":104,"column":8}},{"start":{"line":104,"column":8},"end":{"line":104,"column":8}}]},"5":{"line":115,"type":"if","locations":[{"start":{"line":115,"column":8},"end":{"line":115,"column":8}},{"start":{"line":115,"column":8},"end":{"line":115,"column":8}}]},"6":{"line":116,"type":"if","locations":[{"start":{"line":116,"column":8},"end":{"line":116,"column":8}},{"start":{"line":116,"column":8},"end":{"line":116,"column":8}}]},"7":{"line":117,"type":"if","locations":[{"start":{"line":117,"column":8},"end":{"line":117,"column":8}},{"start":{"line":117,"column":8},"end":{"line":117,"column":8}}]},"8":{"line":118,"type":"if","locations":[{"start":{"line":118,"column":8},"end":{"line":118,"column":8}},{"start":{"line":118,"column":8},"end":{"line":118,"column":8}}]},"9":{"line":124,"type":"if","locations":[{"start":{"line":124,"column":8},"end":{"line":124,"column":8}},{"start":{"line":124,"column":8},"end":{"line":124,"column":8}}]},"10":{"line":126,"type":"if","locations":[{"start":{"line":126,"column":15},"end":{"line":126,"column":15}},{"start":{"line":126,"column":15},"end":{"line":126,"column":15}}]},"11":{"line":130,"type":"if","locations":[{"start":{"line":130,"column":8},"end":{"line":130,"column":8}},{"start":{"line":130,"column":8},"end":{"line":130,"column":8}}]},"12":{"line":142,"type":"if","locations":[{"start":{"line":142,"column":8},"end":{"line":142,"column":8}},{"start":{"line":142,"column":8},"end":{"line":142,"column":8}}]},"13":{"line":158,"type":"if","locations":[{"start":{"line":158,"column":8},"end":{"line":158,"column":8}},{"start":{"line":158,"column":8},"end":{"line":158,"column":8}}]},"14":{"line":159,"type":"if","locations":[{"start":{"line":159,"column":8},"end":{"line":159,"column":8}},{"start":{"line":159,"column":8},"end":{"line":159,"column":8}}]},"15":{"line":160,"type":"if","locations":[{"start":{"line":160,"column":8},"end":{"line":160,"column":8}},{"start":{"line":160,"column":8},"end":{"line":160,"column":8}}]},"16":{"line":164,"type":"if","locations":[{"start":{"line":164,"column":8},"end":{"line":164,"column":8}},{"start":{"line":164,"column":8},"end":{"line":164,"column":8}}]},"17":{"line":167,"type":"if","locations":[{"start":{"line":167,"column":16},"end":{"line":167,"column":16}},{"start":{"line":167,"column":16},"end":{"line":167,"column":16}}]},"18":{"line":182,"type":"if","locations":[{"start":{"line":182,"column":8},"end":{"line":182,"column":8}},{"start":{"line":182,"column":8},"end":{"line":182,"column":8}}]},"19":{"line":183,"type":"if","locations":[{"start":{"line":183,"column":8},"end":{"line":183,"column":8}},{"start":{"line":183,"column":8},"end":{"line":183,"column":8}}]},"20":{"line":184,"type":"if","locations":[{"start":{"line":184,"column":8},"end":{"line":184,"column":8}},{"start":{"line":184,"column":8},"end":{"line":184,"column":8}}]},"21":{"line":185,"type":"if","locations":[{"start":{"line":185,"column":8},"end":{"line":185,"column":8}},{"start":{"line":185,"column":8},"end":{"line":185,"column":8}}]},"22":{"line":186,"type":"if","locations":[{"start":{"line":186,"column":8},"end":{"line":186,"column":8}},{"start":{"line":186,"column":8},"end":{"line":186,"column":8}}]},"23":{"line":200,"type":"if","locations":[{"start":{"line":200,"column":8},"end":{"line":200,"column":8}},{"start":{"line":200,"column":8},"end":{"line":200,"column":8}}]},"24":{"line":201,"type":"if","locations":[{"start":{"line":201,"column":8},"end":{"line":201,"column":8}},{"start":{"line":201,"column":8},"end":{"line":201,"column":8}}]},"25":{"line":205,"type":"if","locations":[{"start":{"line":205,"column":8},"end":{"line":205,"column":8}},{"start":{"line":205,"column":8},"end":{"line":205,"column":8}}]},"26":{"line":208,"type":"if","locations":[{"start":{"line":208,"column":16},"end":{"line":208,"column":16}},{"start":{"line":208,"column":16},"end":{"line":208,"column":16}}]},"27":{"line":224,"type":"if","locations":[{"start":{"line":224,"column":8},"end":{"line":224,"column":8}},{"start":{"line":224,"column":8},"end":{"line":224,"column":8}}]},"28":{"line":225,"type":"if","locations":[{"start":{"line":225,"column":8},"end":{"line":225,"column":8}},{"start":{"line":225,"column":8},"end":{"line":225,"column":8}}]},"29":{"line":226,"type":"if","locations":[{"start":{"line":226,"column":8},"end":{"line":226,"column":8}},{"start":{"line":226,"column":8},"end":{"line":226,"column":8}}]},"30":{"line":227,"type":"if","locations":[{"start":{"line":227,"column":8},"end":{"line":227,"column":8}},{"start":{"line":227,"column":8},"end":{"line":227,"column":8}}]},"31":{"line":239,"type":"if","locations":[{"start":{"line":239,"column":8},"end":{"line":239,"column":8}},{"start":{"line":239,"column":8},"end":{"line":239,"column":8}}]},"32":{"line":250,"type":"if","locations":[{"start":{"line":250,"column":8},"end":{"line":250,"column":8}},{"start":{"line":250,"column":8},"end":{"line":250,"column":8}}]},"33":{"line":253,"type":"if","locations":[{"start":{"line":253,"column":16},"end":{"line":253,"column":16}},{"start":{"line":253,"column":16},"end":{"line":253,"column":16}}]}}}}