{"contracts/SpatialAssets.sol":{"l":{"46":3,"47":3,"48":3,"56":3,"57":1,"64":6,"65":4,"66":2,"73":3,"74":1,"84":5,"85":3,"86":1,"87":1,"89":1,"96":3,"99":1,"100":1,"101":1,"108":3,"112":2,"116":2,"120":5,"124":1},"path":"/home/j-mars/astral-dao/astralprotocol/packages/astral-protocol-contracts/contracts/SpatialAssets.sol","s":{"1":3,"2":3,"3":3,"4":3,"5":1,"6":6,"7":4,"8":2,"9":3,"10":1,"11":5,"12":3,"13":1,"14":1,"15":1,"16":3,"17":1,"18":1,"19":1,"20":3,"21":2,"22":2,"23":5,"24":1},"b":{"1":[1,2],"2":[4,2],"3":[2,2],"4":[1,2],"5":[3,2],"6":[1,2],"7":[1,2]},"f":{"1":3,"2":3,"3":6,"4":3,"5":5,"6":3,"7":3,"8":2,"9":2,"10":5,"11":1},"fnMap":{"1":{"name":"constructor","line":45,"loc":{"start":{"line":45,"column":4},"end":{"line":50,"column":4}}},"2":{"name":"registerRole","line":55,"loc":{"start":{"line":55,"column":4},"end":{"line":58,"column":4}}},"3":{"name":"enableStorage","line":63,"loc":{"start":{"line":63,"column":4},"end":{"line":67,"column":4}}},"4":{"name":"disableStorage","line":72,"loc":{"start":{"line":72,"column":4},"end":{"line":75,"column":4}}},"5":{"name":"registerSpatialAsset","line":83,"loc":{"start":{"line":83,"column":4},"end":{"line":90,"column":4}}},"6":{"name":"deactivateSpatialAsset","line":95,"loc":{"start":{"line":95,"column":5},"end":{"line":102,"column":4}}},"7":{"name":"_setURI","line":107,"loc":{"start":{"line":107,"column":4},"end":{"line":109,"column":4}}},"8":{"name":"idToOwner","line":111,"loc":{"start":{"line":111,"column":4},"end":{"line":113,"column":4}}},"9":{"name":"idToExternalStorage","line":115,"loc":{"start":{"line":115,"column":4},"end":{"line":117,"column":4}}},"10":{"name":"allowedStorages","line":119,"loc":{"start":{"line":119,"column":4},"end":{"line":121,"column":4}}},"11":{"name":"uri","line":123,"loc":{"start":{"line":123,"column":4},"end":{"line":125,"column":4}}}},"statementMap":{"1":{"start":{"line":46,"column":8},"end":{"line":46,"column":19}},"2":{"start":{"line":47,"column":8},"end":{"line":47,"column":51}},"3":{"start":{"line":48,"column":8},"end":{"line":48,"column":46}},"4":{"start":{"line":56,"column":8},"end":{"line":56,"column":110}},"5":{"start":{"line":57,"column":8},"end":{"line":57,"column":46}},"6":{"start":{"line":64,"column":8},"end":{"line":64,"column":130}},"7":{"start":{"line":65,"column":8},"end":{"line":65,"column":106}},"8":{"start":{"line":66,"column":8},"end":{"line":66,"column":47}},"9":{"start":{"line":73,"column":8},"end":{"line":73,"column":130}},"10":{"start":{"line":74,"column":8},"end":{"line":74,"column":48}},"11":{"start":{"line":84,"column":8},"end":{"line":84,"column":111}},"12":{"start":{"line":85,"column":8},"end":{"line":85,"column":90}},"13":{"start":{"line":86,"column":8},"end":{"line":86,"column":26}},"14":{"start":{"line":87,"column":8},"end":{"line":87,"column":45}},"15":{"start":{"line":89,"column":8},"end":{"line":89,"column":63}},"16":{"start":{"line":96,"column":8},"end":{"line":96,"column":3494}},"17":{"start":{"line":99,"column":8},"end":{"line":99,"column":31}},"18":{"start":{"line":100,"column":8},"end":{"line":100,"column":32}},"19":{"start":{"line":101,"column":8},"end":{"line":101,"column":40}},"20":{"start":{"line":108,"column":8},"end":{"line":108,"column":20}},"21":{"start":{"line":112,"column":8},"end":{"line":112,"column":26}},"22":{"start":{"line":116,"column":8},"end":{"line":116,"column":35}},"23":{"start":{"line":120,"column":8},"end":{"line":120,"column":48}},"24":{"start":{"line":124,"column":8},"end":{"line":124,"column":19}}},"branchMap":{"1":{"line":56,"type":"if","locations":[{"start":{"line":56,"column":8},"end":{"line":56,"column":8}},{"start":{"line":56,"column":8},"end":{"line":56,"column":8}}]},"2":{"line":64,"type":"if","locations":[{"start":{"line":64,"column":8},"end":{"line":64,"column":8}},{"start":{"line":64,"column":8},"end":{"line":64,"column":8}}]},"3":{"line":65,"type":"if","locations":[{"start":{"line":65,"column":8},"end":{"line":65,"column":8}},{"start":{"line":65,"column":8},"end":{"line":65,"column":8}}]},"4":{"line":73,"type":"if","locations":[{"start":{"line":73,"column":8},"end":{"line":73,"column":8}},{"start":{"line":73,"column":8},"end":{"line":73,"column":8}}]},"5":{"line":84,"type":"if","locations":[{"start":{"line":84,"column":8},"end":{"line":84,"column":8}},{"start":{"line":84,"column":8},"end":{"line":84,"column":8}}]},"6":{"line":85,"type":"if","locations":[{"start":{"line":85,"column":8},"end":{"line":85,"column":8}},{"start":{"line":85,"column":8},"end":{"line":85,"column":8}}]},"7":{"line":96,"type":"if","locations":[{"start":{"line":96,"column":8},"end":{"line":96,"column":8}},{"start":{"line":96,"column":8},"end":{"line":96,"column":8}}]}}}}