{"contracts/SpatialAssets.sol":{"l":{"46":3,"47":3,"48":3,"56":3,"57":1,"64":6,"65":4,"66":2,"73":3,"74":1,"84":7,"85":5,"86":3,"87":1,"88":1,"90":1,"97":3,"100":1,"101":1,"102":1,"109":3,"113":2,"117":2,"121":7,"125":1},"path":"/home/j-mars/astral-dao/astralprotocol/packages/astral-protocol-contracts/contracts/SpatialAssets.sol","s":{"1":3,"2":3,"3":3,"4":3,"5":1,"6":6,"7":4,"8":2,"9":3,"10":1,"11":7,"12":5,"13":3,"14":1,"15":1,"16":1,"17":3,"18":1,"19":1,"20":1,"21":3,"22":2,"23":2,"24":7,"25":1},"b":{"1":[1,2],"2":[4,2],"3":[2,2],"4":[1,2],"5":[5,2],"6":[3,2],"7":[1,2],"8":[1,2]},"f":{"1":3,"2":3,"3":6,"4":3,"5":7,"6":3,"7":3,"8":2,"9":2,"10":7,"11":1},"fnMap":{"1":{"name":"constructor","line":45,"loc":{"start":{"line":45,"column":4},"end":{"line":50,"column":4}}},"2":{"name":"registerRole","line":55,"loc":{"start":{"line":55,"column":4},"end":{"line":58,"column":4}}},"3":{"name":"enableStorage","line":63,"loc":{"start":{"line":63,"column":4},"end":{"line":67,"column":4}}},"4":{"name":"disableStorage","line":72,"loc":{"start":{"line":72,"column":4},"end":{"line":75,"column":4}}},"5":{"name":"registerSpatialAsset","line":83,"loc":{"start":{"line":83,"column":4},"end":{"line":91,"column":4}}},"6":{"name":"deactivateSpatialAsset","line":96,"loc":{"start":{"line":96,"column":5},"end":{"line":103,"column":4}}},"7":{"name":"_setURI","line":108,"loc":{"start":{"line":108,"column":4},"end":{"line":110,"column":4}}},"8":{"name":"idToOwner","line":112,"loc":{"start":{"line":112,"column":4},"end":{"line":114,"column":4}}},"9":{"name":"idToExternalStorage","line":116,"loc":{"start":{"line":116,"column":4},"end":{"line":118,"column":4}}},"10":{"name":"allowedStorages","line":120,"loc":{"start":{"line":120,"column":4},"end":{"line":122,"column":4}}},"11":{"name":"uri","line":124,"loc":{"start":{"line":124,"column":4},"end":{"line":126,"column":4}}}},"statementMap":{"1":{"start":{"line":46,"column":8},"end":{"line":46,"column":19}},"2":{"start":{"line":47,"column":8},"end":{"line":47,"column":51}},"3":{"start":{"line":48,"column":8},"end":{"line":48,"column":46}},"4":{"start":{"line":56,"column":8},"end":{"line":56,"column":110}},"5":{"start":{"line":57,"column":8},"end":{"line":57,"column":46}},"6":{"start":{"line":64,"column":8},"end":{"line":64,"column":130}},"7":{"start":{"line":65,"column":8},"end":{"line":65,"column":106}},"8":{"start":{"line":66,"column":8},"end":{"line":66,"column":47}},"9":{"start":{"line":73,"column":8},"end":{"line":73,"column":130}},"10":{"start":{"line":74,"column":8},"end":{"line":74,"column":48}},"11":{"start":{"line":84,"column":8},"end":{"line":84,"column":111}},"12":{"start":{"line":85,"column":8},"end":{"line":85,"column":90}},"13":{"start":{"line":86,"column":8},"end":{"line":86,"column":89}},"14":{"start":{"line":87,"column":8},"end":{"line":87,"column":26}},"15":{"start":{"line":88,"column":8},"end":{"line":88,"column":45}},"16":{"start":{"line":90,"column":8},"end":{"line":90,"column":63}},"17":{"start":{"line":97,"column":8},"end":{"line":97,"column":3586}},"18":{"start":{"line":100,"column":8},"end":{"line":100,"column":31}},"19":{"start":{"line":101,"column":8},"end":{"line":101,"column":32}},"20":{"start":{"line":102,"column":8},"end":{"line":102,"column":40}},"21":{"start":{"line":109,"column":8},"end":{"line":109,"column":20}},"22":{"start":{"line":113,"column":8},"end":{"line":113,"column":26}},"23":{"start":{"line":117,"column":8},"end":{"line":117,"column":35}},"24":{"start":{"line":121,"column":8},"end":{"line":121,"column":48}},"25":{"start":{"line":125,"column":8},"end":{"line":125,"column":19}}},"branchMap":{"1":{"line":56,"type":"if","locations":[{"start":{"line":56,"column":8},"end":{"line":56,"column":8}},{"start":{"line":56,"column":8},"end":{"line":56,"column":8}}]},"2":{"line":64,"type":"if","locations":[{"start":{"line":64,"column":8},"end":{"line":64,"column":8}},{"start":{"line":64,"column":8},"end":{"line":64,"column":8}}]},"3":{"line":65,"type":"if","locations":[{"start":{"line":65,"column":8},"end":{"line":65,"column":8}},{"start":{"line":65,"column":8},"end":{"line":65,"column":8}}]},"4":{"line":73,"type":"if","locations":[{"start":{"line":73,"column":8},"end":{"line":73,"column":8}},{"start":{"line":73,"column":8},"end":{"line":73,"column":8}}]},"5":{"line":84,"type":"if","locations":[{"start":{"line":84,"column":8},"end":{"line":84,"column":8}},{"start":{"line":84,"column":8},"end":{"line":84,"column":8}}]},"6":{"line":85,"type":"if","locations":[{"start":{"line":85,"column":8},"end":{"line":85,"column":8}},{"start":{"line":85,"column":8},"end":{"line":85,"column":8}}]},"7":{"line":86,"type":"if","locations":[{"start":{"line":86,"column":8},"end":{"line":86,"column":8}},{"start":{"line":86,"column":8},"end":{"line":86,"column":8}}]},"8":{"line":97,"type":"if","locations":[{"start":{"line":97,"column":8},"end":{"line":97,"column":8}},{"start":{"line":97,"column":8},"end":{"line":97,"column":8}}]}}}}